Config {'hydra': {'run': {'dir': './tmp/${now:%Y-%m-%d}/${now:%H-%M-%S}'}, 
'sweep': {'dir': './tmp/${now:%Y-%m-%d}/${now:%H-%M-%S}', 'subdir': 
'${hydra.job.num}'}, 'launcher': {'submitit_folder': 
'${hydra.sweep.dir}/.submitit/%j', 'timeout_min': 600, 'cpus_per_task': 8, 
'gpus_per_node': None, 'tasks_per_node': 1, 'mem_gb': 4, 'nodes': 1, 'name': 
'${hydra.job.name}', 'stderr_to_stdout': False, '_target_': 
'hydra_plugins.hydra_submitit_launcher.submitit_launcher.SlurmLauncher', 
'partition': 'ai', 'qos': None, 'comment': None, 'constraint': None, 'exclude': 
None, 'gres': 'gpu:1', 'cpus_per_gpu': None, 'gpus_per_task': None, 
'mem_per_gpu': None, 'mem_per_cpu': None, 'account': None, 'signal_delay_s': 
120, 'max_num_timeout': 0, 'additional_parameters': {}, 'array_parallelism': 
256, 'setup': None}, 'sweeper': {'_target_': 
'hydra_plugins.hydra_smac_sweeper.smac_sweeper.SMACSweeper', 'search_space': 
'${configspace}', 'resume': None, 'optimizer': 'smac', 'budget': 500, 
'budget_variable': 'non_hyperparameters.total_timesteps', 'loading_variable': 
None, 'saving_variable': 'non_hyperparameters.saved_neural_nets', 'smac_kwargs':
{'intensifier': 'Not-HB', 'max_budget': 100, 'job_array_size_limit': 5, 
'max_parallelization': 0.001, 'deterministic': True, 'seeds': [0, 1, 2, 3, 4]}},
'help': {'app_name': '${hydra.job.name}', 'header': '${hydra.help.app_name} is 
powered by Hydra.\n', 'footer': 'Powered by Hydra (https://hydra.cc)\nUse 
--hydra-help to view Hydra specific help\n', 'template': 
'${hydra.help.header}\n== Configuration groups ==\nCompose your configuration 
from those groups (group=option)\n\n$APP_CONFIG_GROUPS\n\n== Config ==\nOverride
anything in the config (foo.bar=value)\n\n$CONFIG\n\n${hydra.help.footer}\n'}, 
'hydra_help': {'template': "Hydra (${hydra.runtime.version})\nSee 
https://hydra.cc for more info.\n\n== Flags ==\n$FLAGS_HELP\n\n== Configuration 
groups ==\nCompose your configuration from those groups (For example, append 
hydra/job_logging=disabled to command line)\n\n$HYDRA_CONFIG_GROUPS\n\nUse 
'--cfg hydra' to Show the Hydra config.\n", 'hydra_help': '???'}, 
'hydra_logging': {'version': 1, 'formatters': {'simple': {'format': 
'[%(asctime)s][HYDRA] %(message)s'}}, 'handlers': {'console': {'class': 
'logging.StreamHandler', 'formatter': 'simple', 'stream': 'ext://sys.stdout'}}, 
'root': {'level': 'INFO', 'handlers': ['console']}, 'loggers': 
{'logging_example': {'level': 'DEBUG'}}, 'disable_existing_loggers': False}, 
'job_logging': {'version': 1, 'formatters': {'simple': {'format': 
'[%(asctime)s][%(name)s][%(levelname)s] - %(message)s'}}, 'handlers': 
{'console': {'class': 'logging.StreamHandler', 'formatter': 'simple', 'stream': 
'ext://sys.stdout'}, 'file': {'class': 'logging.FileHandler', 'formatter': 
'simple', 'filename': '${hydra.runtime.output_dir}/${hydra.job.name}.log'}}, 
'root': {'level': 'INFO', 'handlers': ['console', 'file']}, 
'disable_existing_loggers': False}, 'env': {}, 'mode': <RunMode.MULTIRUN: 2>, 
'searchpath': [], 'callbacks': {}, 'output_subdir': '.hydra', 'overrides': 
{'hydra': ['hydra.mode=MULTIRUN'], 'task': []}, 'job': {'name': 'blackbox_ppo', 
'chdir': None, 'override_dirname': '', 'id': '???', 'num': '???', 'config_name':
'blackbox_ppo', 'env_set': {}, 'env_copy': [], 'config': {'override_dirname': 
{'kv_sep': '=', 'item_sep': ',', 'exclude_keys': []}}}, 'runtime': {'version': 
'1.3.2', 'version_base': '1.1', 'cwd': '/bigwork/nhwpfehl/architectures-in-rl', 
'config_sources': [{'path': 'hydra.conf', 'schema': 'pkg', 'provider': 'hydra'},
{'path': '/bigwork/nhwpfehl/architectures-in-rl/baselines/config', 'schema': 
'file', 'provider': 'main'}, {'path': 'hydra_plugins.hydra_colorlog.conf', 
'schema': 'pkg', 'provider': 'hydra-colorlog'}, {'path': '', 'schema': 
'structured', 'provider': 'schema'}], 'output_dir': '???', 'choices': 
{'configspace': 'small_space_config', 'hydra/env': 'default', 'hydra/callbacks':
None, 'hydra/job_logging': 'default', 'hydra/hydra_logging': 'default', 
'hydra/hydra_help': 'default', 'hydra/help': 'default', 'hydra/sweeper': 'SMAC',
'hydra/launcher': 'submitit_slurm', 'hydra/output': 'default'}}, 'verbose': 
False}, 'batch_size': 64, 'clip_range': 0.2, 'clip_range_vf': None, 'ent_coef': 
0.01, 'gae_lambda': 0.95, 'learning_rate': 0.00025, 'max_grad_norm': 0.5, 
'n_epochs': 10, 'n_steps': 2048, 'normalize_advantage': False, 'vf_coef': 0.5, 
'seed': 0, 'non_hyperparameters': {'experiment_id': None, 'environment_id': 
'MiniHack-Room-Random-5x5-v0', 'env_seed': 0, 'saved_neural_nets': 'blablabla', 
'observation_keys': ['glyphs', 'chars', 'colors', 'specials', 'blstats'], 
'max_episode_steps': 500, 'parallel_vec_envs': 5, 'n_evaluation_episodes': 10, 
'n_evaluation_rounds': 20, 'total_timesteps': 500000}, 'PY_EXPERIMENTER': 
{'n_jobs': 1, 'Database': {'provider': 'mysql', 'database': 
'fehring_growing_nn', 'table': {'name': 'black_box_development', 'keyfields': 
{'environment_id': {'type': 'VARCHAR(50)'}, 'env_seed': {'type': 'INT'}, 
'saved_neural_nets': {'type': 'VARCHAR(50)'}, 'observation_keys': {'type': 
'VARCHAR(200)'}, 'max_episode_steps': {'type': 'INT'}, 'parallel_vec_envs': 
{'type': 'INT'}, 'seed': {'type': 'INT'}, 'n_evaluation_episodes': {'type': 
'INT'}, 'n_evaluation_rounds': {'type': 'int'}, 'total_timesteps': {'type': 
'int'}}}, 'logtables': {'configurations': {'environment_id': 'VARCHAR(50)', 
'worker_number': 'INT', 'worker_seed': 'INT', 'batch_size': 'INT', 'clip_range':
'FLOAT', 'clip_range_vf': 'FLOAT', 'ent_coef': 'FLOAT', 'gae_lambda': 'FLOAT', 
'learning_rate': 'FLOAT', 'max_grad_norm': 'FLOAT', 'n_epochs': 'INT', 
'n_steps': 'INT', 'normalize_advantage': 'BOOLEAN', 'vf_coef': 'FLOAT', 'cost': 
'Float'}, 'training_process': {'worker_id': 'INT', 'timestep': 'INT', 
'evaluated_cost': 'FLOAT', 'evaluated_stdev': 'FLOAT'}}}}, 'configspace': 
{'hyperparameters': {'ent_coef': {'type': 'uniform_float', 'lower': 0.0, 
'upper': 0.3}, 'learning_rate': {'log': True, 'type': 'uniform_float', 'lower': 
0.0001, 'upper': 0.01}, 'n_epochs': {'lower': 5, 'type': 'uniform_int', 'upper':
20}, 'batch_size': {'choices': [32, 64, 128, 256], 'type': 'categorical'}}}}
Hydra context
HydraContext(
    config_loader=<hydra._internal.config_loader_impl.ConfigLoaderImpl object at
0x2b519934b070>,
    callbacks=<hydra._internal.callbacks.Callbacks object at 0x2b519b35aaf0>
)
[2024-04-22 11:53:17,997][HYDRA] Sweep doesn't override default config.
2024-04-22 11:53:18,015  | py-experimenter - WARNING  | No values given for keyfield environment_id
[2024-04-22 11:53:18,015][HYDRA] No values given for keyfield environment_id
2024-04-22 11:53:18,017  | py-experimenter - WARNING  | No values given for keyfield env_seed
[2024-04-22 11:53:18,017][HYDRA] No values given for keyfield env_seed
2024-04-22 11:53:18,017  | py-experimenter - WARNING  | No values given for keyfield saved_neural_nets
[2024-04-22 11:53:18,017][HYDRA] No values given for keyfield saved_neural_nets
2024-04-22 11:53:18,017  | py-experimenter - WARNING  | No values given for keyfield observation_keys
[2024-04-22 11:53:18,017][HYDRA] No values given for keyfield observation_keys
2024-04-22 11:53:18,017  | py-experimenter - WARNING  | No values given for keyfield max_episode_steps
[2024-04-22 11:53:18,017][HYDRA] No values given for keyfield max_episode_steps
2024-04-22 11:53:18,017  | py-experimenter - WARNING  | No values given for keyfield parallel_vec_envs
[2024-04-22 11:53:18,017][HYDRA] No values given for keyfield parallel_vec_envs
2024-04-22 11:53:18,017  | py-experimenter - WARNING  | No values given for keyfield seed
[2024-04-22 11:53:18,017][HYDRA] No values given for keyfield seed
2024-04-22 11:53:18,017  | py-experimenter - WARNING  | No values given for keyfield n_evaluation_episodes
[2024-04-22 11:53:18,017][HYDRA] No values given for keyfield n_evaluation_episodes
2024-04-22 11:53:18,018  | py-experimenter - WARNING  | No values given for keyfield n_evaluation_rounds
[2024-04-22 11:53:18,018][HYDRA] No values given for keyfield n_evaluation_rounds
2024-04-22 11:53:18,018  | py-experimenter - WARNING  | No values given for keyfield total_timesteps
[2024-04-22 11:53:18,018][HYDRA] No values given for keyfield total_timesteps
2024-04-22 11:53:18,018  | py-experimenter - INFO     | Found 10 keyfields
[2024-04-22 11:53:18,018][HYDRA] Found 10 keyfields
2024-04-22 11:53:18,018  | py-experimenter - WARNING  | No resultfields given
[2024-04-22 11:53:18,018][HYDRA] No resultfields given
2024-04-22 11:53:18,018  | py-experimenter - INFO     | Found 2 logtables
[2024-04-22 11:53:18,018][HYDRA] Found 2 logtables
2024-04-22 11:53:18,018  | py-experimenter - INFO     | Found logtable black_box_development__configurations
[2024-04-22 11:53:18,018][HYDRA] Found logtable black_box_development__configurations
2024-04-22 11:53:18,018  | py-experimenter - INFO     | Found logtable black_box_development__training_process
[2024-04-22 11:53:18,018][HYDRA] Found logtable black_box_development__training_process
2024-04-22 11:53:18,018  | py-experimenter - WARNING  | No custom section defined in config
[2024-04-22 11:53:18,018][HYDRA] No custom section defined in config
2024-04-22 11:53:18,018  | py-experimenter - WARNING  | No codecarbon section defined in config
[2024-04-22 11:53:18,018][HYDRA] No codecarbon section defined in config
2024-04-22 11:53:18,026  | py-experimenter - INFO     | 0 keys loaded from agent
[2024-04-22 11:53:18,026][HYDRA] 0 keys loaded from agent
2024-04-22 11:53:18,064  | py-experimenter - INFO     | 1 key(s) loaded
[2024-04-22 11:53:18,064][HYDRA] 1 key(s) loaded
2024-04-22 11:53:18,315  | py-experimenter - INFO     | Connecting to gateway: apollo.ai.uni-hannover.de:22 as user 'fehring'
[2024-04-22 11:53:18,315][HYDRA] Connecting to gateway: apollo.ai.uni-hannover.de:22 as user 'fehring'
2024-04-22 11:53:18,330  | paramiko.transport - INFO     | Connected (version 2.0, client OpenSSH_8.9p1)
[2024-04-22 11:53:18,330][HYDRA] Connected (version 2.0, client OpenSSH_8.9p1)
2024-04-22 11:53:18,449  | paramiko.transport - INFO     | Authentication (publickey) successful!
[2024-04-22 11:53:18,449][HYDRA] Authentication (publickey) successful!
2024-04-22 11:53:18,449  | py-experimenter - ERROR    | Problem setting SSH Forwarder up: Couldn't open tunnel 127.0.0.1:3306 <> 127.0.0.1:3306 might be in use or destination not reachable
[2024-04-22 11:53:18,449][HYDRA] Problem setting SSH Forwarder up: Couldn't open tunnel 127.0.0.1:3306 <> 127.0.0.1:3306 might be in use or destination not reachable
2024-04-22 11:53:18,450  | py-experimenter - WARNING  | Failed at creating SSH tunnel. Maybe the tunnel is already active in other process?
[2024-04-22 11:53:18,450][HYDRA] Failed at creating SSH tunnel. Maybe the tunnel is already active in other process?
2024-04-22 11:53:18,450  | py-experimenter - WARNING  | An error occurred while opening tunnels.
[2024-04-22 11:53:18,450][HYDRA] An error occurred while opening tunnels.
2024-04-22 11:53:18,450  | py-experimenter - WARNING  | It looks like you didn't call the .stop() before the SSHTunnelForwarder obj was collected by the garbage collector! Running .stop(force=True)
[2024-04-22 11:53:18,450][HYDRA] It looks like you didn't call the .stop() before the SSHTunnelForwarder obj was collected by the garbage collector! Running .stop(force=True)
2024-04-22 11:53:18,450  | py-experimenter - INFO     | Closing all open connections...
[2024-04-22 11:53:18,450][HYDRA] Closing all open connections...
2024-04-22 11:53:18,450  | py-experimenter - WARNING  | Tunnels are not started. Please .start() first!
[2024-04-22 11:53:18,450][HYDRA] Tunnels are not started. Please .start() first!
2024-04-22 11:53:18,450  | py-experimenter - INFO     | Closing ssh transport
[2024-04-22 11:53:18,450][HYDRA] Closing ssh transport
2024-04-22 11:53:18,512  | py-experimenter - INFO     | Initialized and connected to database
[2024-04-22 11:53:18,512][HYDRA] Initialized and connected to database
2024-04-22 11:53:18,959  | py-experimenter - INFO     | Experiment with id 21 successfully added to database for immidiate execution.
[2024-04-22 11:53:18,959][HYDRA] Experiment with id 21 successfully added to database for immidiate execution.
[WARNING][target_function_runner.py:72] The argument budget is not set by SMAC: Consider removing it from the target function.
[INFO][abstract_initial_design.py:147] Using 40 initial design configurations and 0 additional configurations.
[INFO][hydra_smac.py:279] Starting SMAC Sweep
[INFO][abstract_intensifier.py:305] Using only one seed for deterministic scenario.
[INFO][submitit_launcher.py:120] Submitit 'slurm' sweep output dir : ./tmp/2024-04-22/11-53-17
[INFO][submitit_launcher.py:134] 	#0 : batch_size=64 ent_coef=0.186169408634305 learning_rate=0.0001640649322125342 n_epochs=8 non_hyperparameters.total_timesteps=100 non_hyperparameters.saved_neural_nets=/bigwork/nhwpfehl/architectures-in-rl/tmp/2024-04-22/11-53-17/checkpoints/iteration_0_id_0_s0.pt non_hyperparameters.experiment_id=21 seed=0
[INFO][submitit_launcher.py:134] 	#1 : batch_size=64 ent_coef=0.186169408634305 learning_rate=0.0001640649322125342 n_epochs=8 non_hyperparameters.total_timesteps=100 non_hyperparameters.saved_neural_nets=/bigwork/nhwpfehl/architectures-in-rl/tmp/2024-04-22/11-53-17/checkpoints/iteration_0_id_0_s1.pt non_hyperparameters.experiment_id=21 seed=1
[INFO][submitit_launcher.py:134] 	#2 : batch_size=64 ent_coef=0.186169408634305 learning_rate=0.0001640649322125342 n_epochs=8 non_hyperparameters.total_timesteps=100 non_hyperparameters.saved_neural_nets=/bigwork/nhwpfehl/architectures-in-rl/tmp/2024-04-22/11-53-17/checkpoints/iteration_0_id_0_s2.pt non_hyperparameters.experiment_id=21 seed=2
[INFO][submitit_launcher.py:134] 	#3 : batch_size=64 ent_coef=0.186169408634305 learning_rate=0.0001640649322125342 n_epochs=8 non_hyperparameters.total_timesteps=100 non_hyperparameters.saved_neural_nets=/bigwork/nhwpfehl/architectures-in-rl/tmp/2024-04-22/11-53-17/checkpoints/iteration_0_id_0_s3.pt non_hyperparameters.experiment_id=21 seed=3
[INFO][submitit_launcher.py:134] 	#4 : batch_size=64 ent_coef=0.186169408634305 learning_rate=0.0001640649322125342 n_epochs=8 non_hyperparameters.total_timesteps=100 non_hyperparameters.saved_neural_nets=/bigwork/nhwpfehl/architectures-in-rl/tmp/2024-04-22/11-53-17/checkpoints/iteration_0_id_0_s4.pt non_hyperparameters.experiment_id=21 seed=4
